0 info it worked if it ends with ok
1 verbose cli [ 'C:\\Program Files\\nodejs\\node.exe',
1 verbose cli   'C:\\Program Files\\nodejs\\node_modules\\npm\\bin\\npm-cli.js',
1 verbose cli   'run',
1 verbose cli   'lint' ]
2 info using npm@3.10.10
3 info using node@v6.11.4
4 verbose run-script [ 'prelint', 'lint', 'postlint' ]
5 info lifecycle pixi-inspector@0.8.1~prelint: pixi-inspector@0.8.1
6 silly lifecycle pixi-inspector@0.8.1~prelint: no script for prelint, continuing
7 info lifecycle pixi-inspector@0.8.1~lint: pixi-inspector@0.8.1
8 verbose lifecycle pixi-inspector@0.8.1~lint: unsafe-perm in lifecycle true
9 verbose lifecycle pixi-inspector@0.8.1~lint: PATH: C:\Users\admin2\AppData\Roaming\nvm\v6.11.4\node_modules\npm\bin\node-gyp-bin;D:\pixi-inspector\node_modules\.bin;C:\Program Files\Git\mingw64\bin;C:\Program Files\Git\usr\bin;C:\Users\admin2\bin;C:\WINDOWS\system32;C:\WINDOWS;C:\WINDOWS\System32\Wbem;C:\WINDOWS\System32\WindowsPowerShell\v1.0;%NVM_HOME%;%NVM_SYMLINK%;C:\Program Files\Git\cmd;C:\Program Files\TortoiseSVN\bin;C:\WINDOWS\System32\OpenSSH;C:\Users\admin2\AppData\Local\Microsoft\WindowsApps;C:\Users\admin2\AppData\Roaming\nvm;C:\Program Files\nodejs;C:\Program Files\Microsoft VS Code\bin;C:\Program Files (x86)\OpenVPN\bin;C:\Users\admin2\AppData\Local\Microsoft\WindowsApps;C:\Users\admin2\AppData\Local\atom\bin;C:\Users\admin2\AppData\Local\Programs\Microsoft VS Code\bin
10 verbose lifecycle pixi-inspector@0.8.1~lint: CWD: D:\pixi-inspector
11 silly lifecycle pixi-inspector@0.8.1~lint: Args: [ '/d /s /c', 'eslint --ext js,vue --max-warnings 0 src' ]
12 silly lifecycle pixi-inspector@0.8.1~lint: Returned: code: 1  signal: null
13 info lifecycle pixi-inspector@0.8.1~lint: Failed to exec lint script
14 verbose stack Error: pixi-inspector@0.8.1 lint: `eslint --ext js,vue --max-warnings 0 src`
14 verbose stack Exit status 1
14 verbose stack     at EventEmitter.<anonymous> (C:\Users\admin2\AppData\Roaming\nvm\v6.11.4\node_modules\npm\lib\utils\lifecycle.js:255:16)
14 verbose stack     at emitTwo (events.js:106:13)
14 verbose stack     at EventEmitter.emit (events.js:191:7)
14 verbose stack     at ChildProcess.<anonymous> (C:\Users\admin2\AppData\Roaming\nvm\v6.11.4\node_modules\npm\lib\utils\spawn.js:40:14)
14 verbose stack     at emitTwo (events.js:106:13)
14 verbose stack     at ChildProcess.emit (events.js:191:7)
14 verbose stack     at maybeClose (internal/child_process.js:920:16)
14 verbose stack     at Process.ChildProcess._handle.onexit (internal/child_process.js:230:5)
15 verbose pkgid pixi-inspector@0.8.1
16 verbose cwd D:\pixi-inspector
17 error Windows_NT 10.0.17134
18 error argv "C:\\Program Files\\nodejs\\node.exe" "C:\\Program Files\\nodejs\\node_modules\\npm\\bin\\npm-cli.js" "run" "lint"
19 error node v6.11.4
20 error npm  v3.10.10
21 error code ELIFECYCLE
22 error pixi-inspector@0.8.1 lint: `eslint --ext js,vue --max-warnings 0 src`
22 error Exit status 1
23 error Failed at the pixi-inspector@0.8.1 lint script 'eslint --ext js,vue --max-warnings 0 src'.
23 error Make sure you have the latest version of node.js and npm installed.
23 error If you do, this is most likely a problem with the pixi-inspector package,
23 error not with npm itself.
23 error Tell the author that this fails on your system:
23 error     eslint --ext js,vue --max-warnings 0 src
23 error You can get information on how to open an issue for this project with:
23 error     npm bugs pixi-inspector
23 error Or if that isn't available, you can get their info via:
23 error     npm owner ls pixi-inspector
23 error There is likely additional logging output above.
24 verbose exit [ 1, true ]
